<?xml version="1.0" encoding="UTF-8"?>
<testng-results ignored="0" total="2" passed="2" failed="0" skipped="0">
  <reporter-output>
  </reporter-output>
  <suite started-at="2024-06-14T01:14:42 PDT" name="Default suite" finished-at="2024-06-14T01:15:01 PDT" duration-ms="18100">
    <groups>
    </groups>
    <test started-at="2024-06-14T01:14:42 PDT" name="Default test" finished-at="2024-06-14T01:15:01 PDT" duration-ms="18100">
      <class name="newproject1.DataProvider1">
        <test-method signature="data(java.lang.String,java.lang.String)[pri:0, instance:newproject1.DataProvider1@1139b2f3]" started-at="2024-06-14T01:14:43 PDT" name="data" data-provider="raj" finished-at="2024-06-14T01:14:53 PDT" duration-ms="10299" status="PASS">
          <params>
            <param index="0">
              <value>
                <![CDATA[standard_user]]>
              </value>
            </param>
            <param index="1">
              <value>
                <![CDATA[secret_sauce]]>
              </value>
            </param>
          </params>
          <reporter-output>
          </reporter-output>
        </test-method> <!-- data -->
        <test-method signature="data(java.lang.String,java.lang.String)[pri:0, instance:newproject1.DataProvider1@1139b2f3]" started-at="2024-06-14T01:14:53 PDT" name="data" data-provider="raj" finished-at="2024-06-14T01:15:01 PDT" duration-ms="7712" status="PASS">
          <params>
            <param index="0">
              <value>
                <![CDATA[standard_user]]>
              </value>
            </param>
            <param index="1">
              <value>
                <![CDATA[raj]]>
              </value>
            </param>
          </params>
          <reporter-output>
          </reporter-output>
        </test-method> <!-- data -->
      </class> <!-- newproject1.DataProvider1 -->
    </test> <!-- Default test -->
  </suite> <!-- Default suite -->
</testng-results>
